TN:
SF:src/application/index.ts
FN:9,buildApp
FNF:1
FNH:1
FNDA:1,buildApp
DA:1,1
DA:2,1
DA:9,1
DA:10,1
DA:11,1
DA:12,1
DA:14,1
DA:16,1
DA:18,1
DA:20,1
LF:10
LH:10
BRF:0
BRH:0
end_of_record
TN:
SF:src/application/commands/startGame/index.ts
FN:26,startGameCommandHandler
FNF:1
FNH:1
FNDA:1,startGameCommandHandler
DA:2,1
DA:11,1
DA:29,1
DA:30,1
DA:32,1
DA:33,1
DA:34,1
DA:36,1
DA:38,1
DA:43,1
LF:10
LH:10
BRF:0
BRH:0
end_of_record
TN:
SF:src/domain/index.ts
FN:3,(anonymous_4)
FNF:1
FNH:0
FNDA:0,(anonymous_4)
DA:1,2
DA:3,2
LF:2
LH:2
BRF:0
BRH:0
end_of_record
TN:
SF:src/domain/BoundaryMarker/index.ts
FN:34,(anonymous_0)
FN:42,(anonymous_1)
FN:46,(anonymous_2)
FN:47,(anonymous_3)
FN:53,(anonymous_4)
FN:74,(anonymous_5)
FN:90,(anonymous_6)
FN:94,(anonymous_7)
FNF:8
FNH:8
FNDA:180,(anonymous_0)
FNDA:196,(anonymous_1)
FNDA:206,(anonymous_2)
FNDA:194,(anonymous_3)
FNDA:181,(anonymous_4)
FNDA:22,(anonymous_5)
FNDA:60,(anonymous_6)
FNDA:60,(anonymous_7)
DA:2,11
DA:3,11
DA:26,11
DA:35,180
DA:36,180
DA:37,180
DA:38,180
DA:39,180
DA:43,196
DA:46,206
DA:47,194
DA:55,181
DA:57,181
DA:58,2
DA:61,179
DA:64,179
DA:67,179
DA:69,179
DA:70,30
DA:76,22
DA:79,22
DA:81,22
DA:86,2
DA:89,20
DA:90,60
DA:93,20
DA:94,60
DA:97,20
DA:102,20
DA:103,4
DA:104,4
DA:107,16
LF:32
LH:32
BRDA:55,0,0,96
BRDA:55,0,1,85
BRDA:57,1,0,2
BRDA:69,2,0,30
BRDA:69,3,0,179
BRDA:69,3,1,58
BRDA:81,4,0,2
BRDA:82,5,0,22
BRDA:82,5,1,20
BRDA:82,5,2,20
BRDA:102,6,0,4
BRF:11
BRH:11
end_of_record
TN:
SF:src/domain/Card/index.ts
FN:17,(anonymous_0)
FN:30,(anonymous_1)
FNF:2
FNH:2
FNDA:1152,(anonymous_0)
FNDA:678,(anonymous_1)
DA:1,14
DA:13,14
DA:18,1152
DA:19,1
DA:22,1151
DA:23,1
DA:26,1150
DA:27,1150
DA:31,678
LF:9
LH:9
BRDA:18,0,0,1
BRDA:18,1,0,1152
BRDA:18,1,1,1151
BRDA:22,2,0,1
BRF:4
BRH:4
end_of_record
TN:
SF:src/domain/CardDeck/index.ts
FN:22,(anonymous_0)
FN:7,(anonymous_1)
FN:27,(anonymous_2)
FN:47,(anonymous_3)
FN:52,(anonymous_4)
FNF:5
FNH:5
FNDA:18,(anonymous_0)
FNDA:18,(anonymous_1)
FNDA:2,(anonymous_2)
FNDA:209,(anonymous_3)
FNDA:13,(anonymous_4)
DA:1,12
DA:3,12
DA:5,18
DA:8,18
DA:10,18
DA:11,162
DA:12,162
DA:13,162
DA:14,162
DA:15,162
DA:16,162
DA:19,18
DA:23,18
DA:24,18
DA:28,2
DA:30,2
DA:31,106
DA:32,106
DA:33,106
DA:34,106
DA:48,209
DA:49,209
DA:53,13
DA:54,13
LF:24
LH:24
BRF:0
BRH:0
end_of_record
TN:
SF:src/domain/CombinationChecker/index.ts
FN:36,(anonymous_0)
FN:40,(anonymous_1)
FN:44,(anonymous_2)
FN:124,(anonymous_3)
FNF:4
FNH:4
FNDA:45,(anonymous_0)
FNDA:96,(anonymous_1)
FNDA:135,(anonymous_2)
FNDA:32,(anonymous_3)
DA:27,13
DA:29,13
DA:30,13
DA:31,13
DA:32,13
DA:33,13
DA:35,13
DA:37,45
DA:39,45
DA:41,96
DA:48,135
DA:49,45
DA:52,135
DA:53,30
DA:56,135
DA:57,45
DA:58,90
DA:59,23
DA:62,135
DA:63,115
DA:65,20
DA:68,135
DA:69,10
DA:72,135
DA:73,135
DA:74,135
DA:76,135
DA:87,45
DA:91,29
DA:97,16
DA:98,10
DA:104,6
DA:105,1
DA:111,5
DA:112,4
DA:118,1
DA:128,32
DA:129,32
DA:131,32
DA:132,1
DA:135,31
DA:136,8
DA:139,23
DA:140,4
DA:143,19
DA:144,6
DA:147,13
DA:148,8
DA:151,5
LF:49
LH:49
BRDA:48,0,0,45
BRDA:52,1,0,30
BRDA:56,2,0,45
BRDA:56,2,1,90
BRDA:58,3,0,23
BRDA:62,4,0,115
BRDA:62,4,1,20
BRDA:68,5,0,10
BRDA:87,6,0,29
BRDA:88,7,0,45
BRDA:88,7,1,30
BRDA:97,8,0,10
BRDA:104,9,0,1
BRDA:111,10,0,4
BRDA:131,11,0,1
BRDA:131,12,0,32
BRDA:131,12,1,31
BRDA:135,13,0,8
BRDA:139,14,0,4
BRDA:143,15,0,6
BRDA:147,16,0,8
BRF:21
BRH:21
end_of_record
TN:
SF:src/domain/GameId/index.ts
FN:10,(anonymous_0)
FN:14,(anonymous_1)
FN:18,(anonymous_2)
FN:20,(anonymous_3)
FNF:4
FNH:2
FNDA:16,(anonymous_0)
FNDA:1,(anonymous_1)
FNDA:0,(anonymous_2)
FNDA:0,(anonymous_3)
DA:1,11
DA:7,11
DA:11,16
DA:15,1
DA:19,0
DA:20,0
LF:6
LH:4
BRF:0
BRH:0
end_of_record
TN:
SF:src/domain/Player/index.ts
FN:12,(anonymous_0)
FN:17,(anonymous_1)
FN:21,(anonymous_2)
FN:25,(anonymous_3)
FN:29,(anonymous_4)
FN:32,(anonymous_5)
FN:36,(anonymous_6)
FNF:7
FNH:7
FNDA:36,(anonymous_0)
FNDA:203,(anonymous_1)
FNDA:1,(anonymous_2)
FNDA:3,(anonymous_3)
FNDA:31,(anonymous_4)
FNDA:99,(anonymous_5)
FNDA:67,(anonymous_6)
DA:8,12
DA:13,36
DA:14,36
DA:18,203
DA:22,1
DA:26,3
DA:30,31
DA:32,99
DA:37,67
DA:38,2
DA:41,65
DA:43,65
LF:12
LH:12
BRDA:37,0,0,2
BRDA:37,1,0,67
BRDA:37,1,1,66
BRF:3
BRH:3
end_of_record
TN:
SF:src/domain/SchottenTottenGame/index.ts
FN:53,(anonymous_0)
FN:65,(anonymous_1)
FN:70,(anonymous_2)
FN:78,(anonymous_3)
FN:98,(anonymous_4)
FN:162,(anonymous_5)
FN:174,(anonymous_6)
FN:200,(anonymous_7)
FN:205,(anonymous_8)
FN:230,(anonymous_9)
FN:234,(anonymous_10)
FN:241,(anonymous_11)
FN:263,(anonymous_12)
FNF:13
FNH:13
FNDA:16,(anonymous_0)
FNDA:144,(anonymous_1)
FNDA:1,(anonymous_2)
FNDA:13,(anonymous_3)
FNDA:68,(anonymous_4)
FNDA:62,(anonymous_5)
FNDA:6,(anonymous_6)
FNDA:14,(anonymous_7)
FNDA:126,(anonymous_8)
FNDA:74,(anonymous_9)
FNDA:71,(anonymous_10)
FNDA:65,(anonymous_11)
FNDA:3,(anonymous_12)
DA:1,11
DA:7,11
DA:8,11
DA:9,11
DA:10,11
DA:12,11
DA:38,11
DA:39,11
DA:40,11
DA:54,16
DA:55,16
DA:56,16
DA:57,16
DA:58,16
DA:59,16
DA:60,16
DA:61,16
DA:62,16
DA:63,16
DA:65,16
DA:66,144
DA:71,1
DA:72,0
DA:75,1
DA:79,13
DA:80,1
DA:83,12
DA:84,72
DA:85,72
DA:87,72
DA:88,0
DA:91,72
DA:92,72
DA:95,12
DA:104,68
DA:106,68
DA:107,0
DA:110,68
DA:111,1
DA:114,67
DA:115,1
DA:118,66
DA:119,1
DA:122,65
DA:123,1
DA:126,64
DA:127,64
DA:129,64
DA:130,64
DA:132,1
DA:133,1
DA:136,1
DA:141,63
DA:142,63
DA:144,63
DA:145,12
DA:148,0
DA:150,0
DA:151,0
DA:155,63
DA:156,51
DA:159,63
DA:163,62
DA:164,1
DA:167,61
DA:171,61
DA:178,6
DA:180,6
DA:181,1
DA:184,5
DA:185,0
DA:188,5
DA:189,1
DA:192,4
DA:194,3
DA:196,3
DA:197,3
DA:201,14
DA:205,126
DA:231,74
DA:235,71
DA:242,65
DA:264,3
LF:83
LH:76
BRDA:71,0,0,0
BRDA:79,1,0,1
BRDA:87,2,0,0
BRDA:87,3,0,72
BRDA:87,3,1,72
BRDA:106,4,0,0
BRDA:110,5,0,1
BRDA:114,6,0,1
BRDA:118,7,0,1
BRDA:122,8,0,1
BRDA:126,9,0,34
BRDA:126,9,1,30
BRDA:132,10,0,1
BRDA:141,11,0,63
BRDA:141,11,1,0
BRDA:144,12,0,12
BRDA:150,13,0,0
BRDA:155,14,0,51
BRDA:163,15,0,1
BRDA:168,16,0,31
BRDA:168,16,1,30
BRDA:180,17,0,1
BRDA:184,18,0,0
BRDA:188,19,0,1
BRDA:231,20,0,72
BRDA:231,20,1,2
BRDA:236,21,0,71
BRDA:236,21,1,70
BRDA:242,22,0,65
BRDA:242,22,1,65
BRF:30
BRH:24
end_of_record
TN:
SF:src/domain/WinnerChecker/index.ts
FN:17,(anonymous_0)
FN:19,(anonymous_1)
FN:21,(anonymous_2)
FNF:3
FNH:3
FNDA:6,(anonymous_0)
FNDA:54,(anonymous_1)
FNDA:54,(anonymous_2)
DA:2,11
DA:16,11
DA:18,6
DA:19,54
DA:22,54
DA:23,14
DA:25,14
DA:29,8
DA:32,14
DA:35,54
DA:36,7
DA:38,7
DA:42,5
DA:45,7
DA:48,54
DA:50,54
DA:64,6
DA:68,2
DA:71,4
DA:75,1
DA:78,3
LF:21
LH:21
BRDA:22,0,0,14
BRDA:25,1,0,8
BRDA:26,2,0,14
BRDA:26,2,1,8
BRDA:35,3,0,7
BRDA:38,4,0,5
BRDA:39,5,0,7
BRDA:39,5,1,5
BRDA:64,6,0,2
BRDA:65,7,0,6
BRDA:65,7,1,4
BRDA:71,8,0,1
BRDA:72,9,0,4
BRDA:72,9,1,4
BRF:14
BRH:14
end_of_record
TN:
SF:src/infrastructure/repositories/GameSession/InMemory/index.ts
FN:4,buildGameSessionInMemory
FN:8,(anonymous_1)
FN:11,(anonymous_2)
FN:13,(anonymous_3)
FNF:4
FNH:2
FNDA:1,buildGameSessionInMemory
FNDA:1,(anonymous_1)
FNDA:0,(anonymous_2)
FNDA:0,(anonymous_3)
DA:4,1
DA:5,1
DA:7,1
DA:9,1
DA:12,0
DA:13,0
LF:6
LH:4
BRF:0
BRH:0
end_of_record
TN:
SF:src/presentation/text/GameTextRenderer.ts
FN:7,(anonymous_1)
FN:29,(anonymous_2)
FN:44,(anonymous_3)
FN:52,(anonymous_4)
FN:72,(anonymous_5)
FN:73,(anonymous_6)
FN:77,(anonymous_7)
FN:98,(anonymous_8)
FN:104,(anonymous_9)
FNF:9
FNH:0
FNDA:0,(anonymous_1)
FNDA:0,(anonymous_2)
FNDA:0,(anonymous_3)
FNDA:0,(anonymous_4)
FNDA:0,(anonymous_5)
FNDA:0,(anonymous_6)
FNDA:0,(anonymous_7)
FNDA:0,(anonymous_8)
FNDA:0,(anonymous_9)
DA:1,0
DA:4,0
DA:6,0
DA:8,0
DA:10,0
DA:13,0
DA:16,0
DA:19,0
DA:22,0
DA:25,0
DA:37,0
DA:39,0
DA:41,0
DA:43,0
DA:44,0
DA:45,0
DA:49,0
DA:51,0
DA:53,0
DA:54,0
DA:59,0
DA:73,0
DA:74,0
DA:77,0
DA:78,0
DA:83,0
DA:84,0
DA:85,0
DA:86,0
DA:87,0
DA:88,0
DA:89,0
DA:90,0
DA:92,0
DA:95,0
DA:99,0
DA:108,0
DA:114,0
DA:310,0
LF:39
LH:0
BRDA:8,0,0,0
BRDA:8,0,1,0
BRDA:8,0,2,0
BRDA:8,0,3,0
BRDA:8,0,4,0
BRDA:8,0,5,0
BRDA:49,1,0,0
BRDA:49,1,1,0
BRDA:83,2,0,0
BRDA:83,2,1,0
BRDA:85,3,0,0
BRDA:85,3,1,0
BRDA:87,4,0,0
BRDA:87,4,1,0
BRDA:89,5,0,0
BRDA:89,5,1,0
BRF:16
BRH:0
end_of_record
